\BOOKMARK [0][-]{chapter*.1}{\376\377\004\036\004\077\004\070\004\101\004\060\004\075\004\070\004\065\000:}{}% 1
\BOOKMARK [0][-]{chapter*.2}{\376\377\004\041\004\077\004\070\004\101\004\076\004\072\000\040\004\070\004\073\004\073\004\116\004\101\004\102\004\100\004\060\004\106\004\070\004\071}{}% 2
\BOOKMARK [0][-]{chapter*.3}{\376\377\004\041\004\077\004\070\004\101\004\076\004\072\000\040\004\102\004\060\004\061\004\073\004\070\004\106}{}% 3
\BOOKMARK [0][-]{chapter.1}{\376\377\004\036\004\061\004\111\004\065\004\065\000\040\004\076\004\077\004\070\004\101\004\060\004\075\004\070\004\065}{}% 4
\BOOKMARK [1][-]{section.1.1}{\376\377\004\024\004\076\004\072\004\103\004\074\004\065\004\075\004\102\004\060\004\106\004\070\004\117\000\040\004\077\004\076\000\040\004\061\004\073\004\076\004\072\004\103\000\040\004\076\004\061\004\074\004\065\004\075\004\060\000\040\004\074\004\065\004\066\004\064\004\103\000\040\000A\000r\000t\000i\000x\000\040\004\070\000\040\004\043\004\035\004\044\000\040\004\062\000\040\004\107\004\060\004\101\004\102\004\070\000\040\004\062\004\113\004\063\004\100\004\103\004\067\004\072\004\070\000\040\004\076\004\101\004\102\004\060\004\102\004\072\004\076\004\062\000\040\004\070\004\067\000\040\004\043\004\035\004\044\000\040\004\062\000\040\004\072\004\060\004\101\004\101\004\076\004\062\004\113\004\071\000\040\004\101\004\065\004\100\004\062\004\065\004\100\000\040\000A\000r\000t\000i\000x\000\040\004\070\000\040\004\067\004\060\004\063\004\100\004\103\004\067\004\072\004\070\000\040\004\072\004\060\004\101\004\101\004\076\004\062\004\113\004\105\000\040\004\101\004\074\004\065\004\075\000\040\004\070\000\040\004\077\004\100\004\076\004\064\004\060\004\066\000\040\004\062\000\040\004\043\004\035\004\044\000.}{chapter.1}% 5
\BOOKMARK [0][-]{chapter.2}{\376\377\004\040\004\065\004\060\004\073\004\070\004\067\004\060\004\106\004\070\004\117\000\040\004\062\000\040\004\043\004\035\004\044}{}% 6
\BOOKMARK [0][-]{chapter.3}{\376\377\004\022\004\075\004\065\004\110\004\075\004\117\004\117\000\040\004\077\004\100\004\076\004\063\004\100\004\060\004\074\004\074\004\074\004\060}{}% 7
\BOOKMARK [0][-]{chapter.4}{\376\377\004\044\004\060\004\071\004\073\004\113}{}% 8
\BOOKMARK [0][-]{chapter.5}{\376\377\004\037\004\076\004\100\004\117\004\064\004\076\004\072\000\040\004\062\004\075\004\065\004\064\004\100\004\065\004\075\004\070\004\117\000\040\004\072\004\060\004\101\004\101\000\040\004\062\000\040\004\100\004\060\004\061\004\076\004\102\004\103\000\040\004\101\000\040\004\020\004\100\004\102\004\070\004\072\004\101\000:}{}% 9
\BOOKMARK [1][-]{section.5.1}{\376\377\0001\000.\000\040\004\041\004\076\004\067\004\064\004\060\004\102\004\114\000\040\004\074\004\060\004\063\004\060\004\067\004\070\004\075\000\040\000+\000\040\004\072\004\060\004\101\004\101\004\060\000\040\004\075\004\060\000\040\004\101\004\065\004\100\004\062\004\065\004\100\004\065\000.}{chapter.5}% 10
\BOOKMARK [1][-]{section.5.2}{\376\377\0002\000.\000\040\004\035\004\060\004\101\004\102\004\100\004\076\004\071\004\072\004\060\000\040\004\037\004\036\004\041}{chapter.5}% 11
\BOOKMARK [0][-]{chapter.6}{\376\377\004\024\004\076\004\061\004\060\004\062\004\073\004\065\004\075\004\070\004\065\000\040\004\063\004\100\004\103\004\077\004\077\004\113\000\040\004\101\004\065\004\100\004\102\004\070\004\104\004\070\004\072\004\060\004\102\004\076\004\062\000\040\004\101\004\076\000\040\004\101\004\100\004\076\004\072\004\076\004\074\000\040\004\064\004\065\004\071\004\101\004\102\004\062\004\070\004\117\000\040\004\107\004\065\004\100\004\065\004\067\000\040\000R\000E\000S\000T\000\040\000A\000P\000I\000.}{}% 12
\BOOKMARK [0][-]{chapter.7}{\376\377\004\040\004\060\004\061\004\076\004\102\004\060\000\040\004\101\000\040\004\062\004\065\004\101\004\060\004\074\004\070}{}% 13
\BOOKMARK [0][-]{chapter.8}{\376\377\004\024\004\076\004\077\004\076\004\073\004\075\004\070\004\102\004\065\004\073\004\114\004\075\004\113\004\065\000\040\004\074\004\060\004\102\004\065\004\100\004\070\004\060\004\073\004\113\000:}{}% 14
\BOOKMARK [1][-]{section.8.1}{\376\377\0001\000.\000\040\004\041\004\077\004\070\004\101\004\076\004\072\000\040\004\064\004\070\004\100\004\065\004\072\004\102\004\076\004\100\004\070\004\071\000\040\004\070\000\040\004\104\004\060\004\071\004\073\004\076\004\062\000\040\004\076\004\101\004\075\004\076\004\062\004\075\004\113\004\105\000\040\004\075\004\060\004\101\004\102\004\100\004\076\004\065\004\072\000.}{chapter.8}% 15
\BOOKMARK [1][-]{section.8.2}{\376\377\0002\000.\000\040\004\036\004\101\004\076\004\061\004\065\004\075\004\075\004\076\004\101\004\102\004\070\000\040\004\075\004\060\004\101\004\102\004\100\004\076\004\071\004\072\004\070\000\040\040\034\004\041\004\061\004\065\004\100\004\061\004\060\004\075\004\072\040\035}{chapter.8}% 16
\BOOKMARK [1][-]{section.8.3}{\376\377\0003\000.\000\040\004\041\004\101\004\113\004\073\004\072\004\060\000\040\004\075\004\060\000\040\004\101\004\072\004\060\004\107\004\070\004\062\004\060\004\075\004\070\004\065\000\040\004\064\004\070\004\101\004\102\004\100\004\070\004\061\004\103\004\102\004\070\004\062\004\060\000\040\000y\000u\000k\000i}{chapter.8}% 17
\BOOKMARK [1][-]{section.8.4}{\376\377\0004\000.\000\040\004\036\004\101\004\102\004\060\004\102\004\072\004\070}{chapter.8}% 18
\BOOKMARK [1][-]{section.8.5}{\376\377\0005\000.\000\040\004\024\004\070\004\101\004\072\004\076\004\075\004\102\004\075\004\113\004\065\000\040\004\072\004\060\004\100\004\102\004\113\000\040\000\050\004\101\004\076\004\067\004\064\004\060\004\075\004\070\004\065\000\051}{chapter.8}% 19
\BOOKMARK [1][-]{section.8.6}{\376\377\0006\000.\000\040\004\035\004\060\004\101\004\102\004\100\004\076\004\071\004\072\004\060\000\040\004\064\004\065\004\071\004\101\004\102\004\062\004\070\004\071\000\040\004\070\000\040\004\072\004\076\004\075\004\102\004\065\004\072\004\101\004\102\004\060\000\040\004\072\004\073\004\060\004\062\004\070\004\110}{chapter.8}% 20
\BOOKMARK [1][-]{section.8.7}{\376\377\0007\000.\000\040\004\032\004\076\004\075\004\104\004\070\004\063\004\103\004\100\004\070\004\100\004\076\004\062\004\060\004\075\004\070\004\065\000\040\004\064\004\070\004\101\004\102\004\072\004\076\004\075\004\102\004\075\004\076\004\071\000\040\004\101\004\070\004\101\004\102\004\065\004\074\004\113}{chapter.8}% 21
\BOOKMARK [0][-]{chapter.9}{\376\377\004\030\004\075\004\064\004\065\004\072\004\101\004\113\000\040\004\070\000\040\004\102\004\060\004\061\004\073\004\070\004\106\004\113}{}% 22
